<?xml version="1.0" encoding="UTF-8"?>
<!-- Generated by org.testng.reporters.JUnitReportReporter -->
<testsuite hostname="JaikumarSundar" failures="0" tests="3" name="com.crm.orgtest.CreateOrganiszationwithannotation" time="48.944" errors="0" timestamp="2024-07-24T15:24:09 IST" skipped="0">
  <testcase classname="com.crm.orgtest.CreateOrganiszationwithannotation" name="createOrganizationTest" time="16.853"/>
  <testcase classname="com.crm.orgtest.CreateOrganiszationwithannotation" name="createOrganizationWithPhnNo" time="15.869"/>
  <testcase classname="com.crm.orgtest.CreateOrganiszationwithannotation" name="createOrganizationwithIndustriesTest" time="16.222"/>
</testsuite> <!-- com.crm.orgtest.CreateOrganiszationwithannotation -->
